build-VisualizeSortForAndroid-Android_Qt_6_0_4_Clang_arm64_v8a-Debug/android-build/build/intermediates/manifest_merge_blame_file/debug/manifest-merger-blame-debug-report.txt
1<?xml version="1.0" encoding="utf-8"?>
2<manifest xmlns:android="http://schemas.android.com/apk/res/android"
3    package="org.qtproject.example.VisualizeSort"
4    android:installLocation="auto"
5    android:versionCode="1"
6    android:versionName="1.0" >
7
8    <uses-sdk
9        android:minSdkVersion="23"
9-->build-VisualizeSortForAndroid-Android_Qt_6_0_4_Clang_arm64_v8a-Debug\android-build\AndroidManifest.xml
10        android:targetSdkVersion="29" />
10-->build-VisualizeSortForAndroid-Android_Qt_6_0_4_Clang_arm64_v8a-Debug\android-build\AndroidManifest.xml
11    <!--
12         The following comment will be replaced upon deployment with default permissions based on the dependencies of the application.
13         Remove the comment if you do not require these default permissions.
14    -->
15    <uses-permission android:name="android.permission.INTERNET" />
15-->build-VisualizeSortForAndroid-Android_Qt_6_0_4_Clang_arm64_v8a-Debug\android-build\AndroidManifest.xml:5:5-66
15-->build-VisualizeSortForAndroid-Android_Qt_6_0_4_Clang_arm64_v8a-Debug\android-build\AndroidManifest.xml:5:22-64
16    <uses-permission android:name="android.permission.WRITE_EXTERNAL_STORAGE" />
16-->build-VisualizeSortForAndroid-Android_Qt_6_0_4_Clang_arm64_v8a-Debug\android-build\AndroidManifest.xml:6:5-80
16-->build-VisualizeSortForAndroid-Android_Qt_6_0_4_Clang_arm64_v8a-Debug\android-build\AndroidManifest.xml:6:22-78
17
18    <!--
19         The following comment will be replaced upon deployment with default features based on the dependencies of the application.
20         Remove the comment if you do not require these default features.
21    -->
22
23    <supports-screens
23-->build-VisualizeSortForAndroid-Android_Qt_6_0_4_Clang_arm64_v8a-Debug\android-build\AndroidManifest.xml:12:5-135
24        android:anyDensity="true"
24-->build-VisualizeSortForAndroid-Android_Qt_6_0_4_Clang_arm64_v8a-Debug\android-build\AndroidManifest.xml:12:80-105
25        android:largeScreens="true"
25-->build-VisualizeSortForAndroid-Android_Qt_6_0_4_Clang_arm64_v8a-Debug\android-build\AndroidManifest.xml:12:23-50
26        android:normalScreens="true"
26-->build-VisualizeSortForAndroid-Android_Qt_6_0_4_Clang_arm64_v8a-Debug\android-build\AndroidManifest.xml:12:51-79
27        android:smallScreens="true" />
27-->build-VisualizeSortForAndroid-Android_Qt_6_0_4_Clang_arm64_v8a-Debug\android-build\AndroidManifest.xml:12:106-133
28
29    <application
29-->build-VisualizeSortForAndroid-Android_Qt_6_0_4_Clang_arm64_v8a-Debug\android-build\AndroidManifest.xml:13:5-71:19
30        android:name="org.qtproject.qt.android.bindings.QtApplication"
30-->build-VisualizeSortForAndroid-Android_Qt_6_0_4_Clang_arm64_v8a-Debug\android-build\AndroidManifest.xml:13:53-115
31        android:debuggable="true"
32        android:extractNativeLibs="true"
32-->build-VisualizeSortForAndroid-Android_Qt_6_0_4_Clang_arm64_v8a-Debug\android-build\AndroidManifest.xml:13:138-170
33        android:hardwareAccelerated="true"
33-->build-VisualizeSortForAndroid-Android_Qt_6_0_4_Clang_arm64_v8a-Debug\android-build\AndroidManifest.xml:13:18-52
34        android:icon="@drawable/icon"
34-->build-VisualizeSortForAndroid-Android_Qt_6_0_4_Clang_arm64_v8a-Debug\android-build\AndroidManifest.xml:13:171-200
35        android:label="排序可视化" >
35-->build-VisualizeSortForAndroid-Android_Qt_6_0_4_Clang_arm64_v8a-Debug\android-build\AndroidManifest.xml:13:116-137
36        <activity
36-->build-VisualizeSortForAndroid-Android_Qt_6_0_4_Clang_arm64_v8a-Debug\android-build\AndroidManifest.xml:14:9-69:20
37            android:name="org.qtproject.qt.android.bindings.QtActivity"
37-->build-VisualizeSortForAndroid-Android_Qt_6_0_4_Clang_arm64_v8a-Debug\android-build\AndroidManifest.xml:14:189-248
38            android:configChanges="orientation|uiMode|screenLayout|screenSize|smallestScreenSize|layoutDirection|locale|fontScale|keyboard|keyboardHidden|navigation|mcc|mnc|density"
38-->build-VisualizeSortForAndroid-Android_Qt_6_0_4_Clang_arm64_v8a-Debug\android-build\AndroidManifest.xml:14:19-188
39            android:label="排序可视化"
39-->build-VisualizeSortForAndroid-Android_Qt_6_0_4_Clang_arm64_v8a-Debug\android-build\AndroidManifest.xml:14:249-270
40            android:launchMode="singleTop"
40-->build-VisualizeSortForAndroid-Android_Qt_6_0_4_Clang_arm64_v8a-Debug\android-build\AndroidManifest.xml:14:370-400
41            android:screenOrientation="landscape"
41-->build-VisualizeSortForAndroid-Android_Qt_6_0_4_Clang_arm64_v8a-Debug\android-build\AndroidManifest.xml:14:271-308
42            android:theme="@android:style/Theme.NoTitleBar.Fullscreen" >
42-->build-VisualizeSortForAndroid-Android_Qt_6_0_4_Clang_arm64_v8a-Debug\android-build\AndroidManifest.xml:14:309-369
43            <intent-filter>
43-->build-VisualizeSortForAndroid-Android_Qt_6_0_4_Clang_arm64_v8a-Debug\android-build\AndroidManifest.xml:15:13-18:29
44                <action android:name="android.intent.action.MAIN" />
44-->build-VisualizeSortForAndroid-Android_Qt_6_0_4_Clang_arm64_v8a-Debug\android-build\AndroidManifest.xml:16:17-68
44-->build-VisualizeSortForAndroid-Android_Qt_6_0_4_Clang_arm64_v8a-Debug\android-build\AndroidManifest.xml:16:25-66
45
46                <category android:name="android.intent.category.LAUNCHER" />
46-->build-VisualizeSortForAndroid-Android_Qt_6_0_4_Clang_arm64_v8a-Debug\android-build\AndroidManifest.xml:17:17-76
46-->build-VisualizeSortForAndroid-Android_Qt_6_0_4_Clang_arm64_v8a-Debug\android-build\AndroidManifest.xml:17:27-74
47            </intent-filter>
48            <!-- Application arguments -->
49            <meta-data
49-->build-VisualizeSortForAndroid-Android_Qt_6_0_4_Clang_arm64_v8a-Debug\android-build\AndroidManifest.xml:20:13-79
50                android:name="android.app.arguments"
50-->build-VisualizeSortForAndroid-Android_Qt_6_0_4_Clang_arm64_v8a-Debug\android-build\AndroidManifest.xml:20:24-60
51                android:value="" />
51-->build-VisualizeSortForAndroid-Android_Qt_6_0_4_Clang_arm64_v8a-Debug\android-build\AndroidManifest.xml:20:61-77
52            <!-- Application arguments -->
53            <meta-data
53-->build-VisualizeSortForAndroid-Android_Qt_6_0_4_Clang_arm64_v8a-Debug\android-build\AndroidManifest.xml:22:13-101
54                android:name="android.app.lib_name"
54-->build-VisualizeSortForAndroid-Android_Qt_6_0_4_Clang_arm64_v8a-Debug\android-build\AndroidManifest.xml:22:24-59
55                android:value="VisualizeSortForAndroid" />
55-->build-VisualizeSortForAndroid-Android_Qt_6_0_4_Clang_arm64_v8a-Debug\android-build\AndroidManifest.xml:22:60-99
56            <meta-data
56-->build-VisualizeSortForAndroid-Android_Qt_6_0_4_Clang_arm64_v8a-Debug\android-build\AndroidManifest.xml:23:13-112
57                android:name="android.app.qt_sources_resource_id"
57-->build-VisualizeSortForAndroid-Android_Qt_6_0_4_Clang_arm64_v8a-Debug\android-build\AndroidManifest.xml:23:24-73
58                android:resource="@array/qt_sources" />
58-->build-VisualizeSortForAndroid-Android_Qt_6_0_4_Clang_arm64_v8a-Debug\android-build\AndroidManifest.xml:23:74-110
59            <meta-data
59-->build-VisualizeSortForAndroid-Android_Qt_6_0_4_Clang_arm64_v8a-Debug\android-build\AndroidManifest.xml:24:13-87
60                android:name="android.app.repository"
60-->build-VisualizeSortForAndroid-Android_Qt_6_0_4_Clang_arm64_v8a-Debug\android-build\AndroidManifest.xml:24:24-61
61                android:value="default" />
61-->build-VisualizeSortForAndroid-Android_Qt_6_0_4_Clang_arm64_v8a-Debug\android-build\AndroidManifest.xml:24:62-85
62            <meta-data
62-->build-VisualizeSortForAndroid-Android_Qt_6_0_4_Clang_arm64_v8a-Debug\android-build\AndroidManifest.xml:25:13-106
63                android:name="android.app.qt_libs_resource_id"
63-->build-VisualizeSortForAndroid-Android_Qt_6_0_4_Clang_arm64_v8a-Debug\android-build\AndroidManifest.xml:25:24-70
64                android:resource="@array/qt_libs" />
64-->build-VisualizeSortForAndroid-Android_Qt_6_0_4_Clang_arm64_v8a-Debug\android-build\AndroidManifest.xml:25:71-104
65            <meta-data
65-->build-VisualizeSortForAndroid-Android_Qt_6_0_4_Clang_arm64_v8a-Debug\android-build\AndroidManifest.xml:26:13-116
66                android:name="android.app.bundled_libs_resource_id"
66-->build-VisualizeSortForAndroid-Android_Qt_6_0_4_Clang_arm64_v8a-Debug\android-build\AndroidManifest.xml:26:24-75
67                android:resource="@array/bundled_libs" />
67-->build-VisualizeSortForAndroid-Android_Qt_6_0_4_Clang_arm64_v8a-Debug\android-build\AndroidManifest.xml:26:76-114
68            <!-- Deploy Qt libs as part of package -->
69            <meta-data
69-->build-VisualizeSortForAndroid-Android_Qt_6_0_4_Clang_arm64_v8a-Debug\android-build\AndroidManifest.xml:28:13-91
70                android:name="android.app.bundle_local_qt_libs"
70-->build-VisualizeSortForAndroid-Android_Qt_6_0_4_Clang_arm64_v8a-Debug\android-build\AndroidManifest.xml:28:24-71
71                android:value="1" />
71-->build-VisualizeSortForAndroid-Android_Qt_6_0_4_Clang_arm64_v8a-Debug\android-build\AndroidManifest.xml:28:72-89
72            <!-- Run with local libs -->
73            <meta-data
73-->build-VisualizeSortForAndroid-Android_Qt_6_0_4_Clang_arm64_v8a-Debug\android-build\AndroidManifest.xml:30:13-88
74                android:name="android.app.use_local_qt_libs"
74-->build-VisualizeSortForAndroid-Android_Qt_6_0_4_Clang_arm64_v8a-Debug\android-build\AndroidManifest.xml:30:24-68
75                android:value="1" />
75-->build-VisualizeSortForAndroid-Android_Qt_6_0_4_Clang_arm64_v8a-Debug\android-build\AndroidManifest.xml:30:69-86
76            <meta-data
76-->build-VisualizeSortForAndroid-Android_Qt_6_0_4_Clang_arm64_v8a-Debug\android-build\AndroidManifest.xml:31:13-100
77                android:name="android.app.libs_prefix"
77-->build-VisualizeSortForAndroid-Android_Qt_6_0_4_Clang_arm64_v8a-Debug\android-build\AndroidManifest.xml:31:24-62
78                android:value="/data/local/tmp/qt/" />
78-->build-VisualizeSortForAndroid-Android_Qt_6_0_4_Clang_arm64_v8a-Debug\android-build\AndroidManifest.xml:31:63-98
79            <meta-data
79-->build-VisualizeSortForAndroid-Android_Qt_6_0_4_Clang_arm64_v8a-Debug\android-build\AndroidManifest.xml:32:13-122
80                android:name="android.app.load_local_libs_resource_id"
80-->build-VisualizeSortForAndroid-Android_Qt_6_0_4_Clang_arm64_v8a-Debug\android-build\AndroidManifest.xml:32:24-78
81                android:resource="@array/load_local_libs" />
81-->build-VisualizeSortForAndroid-Android_Qt_6_0_4_Clang_arm64_v8a-Debug\android-build\AndroidManifest.xml:32:79-120
82            <meta-data
82-->build-VisualizeSortForAndroid-Android_Qt_6_0_4_Clang_arm64_v8a-Debug\android-build\AndroidManifest.xml:33:13-103
83                android:name="android.app.load_local_jars"
83-->build-VisualizeSortForAndroid-Android_Qt_6_0_4_Clang_arm64_v8a-Debug\android-build\AndroidManifest.xml:33:24-66
84                android:value="jar/Qt6Android.jar" />
84-->build-VisualizeSortForAndroid-Android_Qt_6_0_4_Clang_arm64_v8a-Debug\android-build\AndroidManifest.xml:33:67-101
85            <meta-data
85-->build-VisualizeSortForAndroid-Android_Qt_6_0_4_Clang_arm64_v8a-Debug\android-build\AndroidManifest.xml:34:13-89
86                android:name="android.app.static_init_classes"
86-->build-VisualizeSortForAndroid-Android_Qt_6_0_4_Clang_arm64_v8a-Debug\android-build\AndroidManifest.xml:34:24-70
87                android:value="" />
87-->build-VisualizeSortForAndroid-Android_Qt_6_0_4_Clang_arm64_v8a-Debug\android-build\AndroidManifest.xml:34:71-87
88            <!-- Used to specify custom system library path to run with local system libs -->
89            <!-- <meta-data android:name="android.app.system_libs_prefix" android:value="/system/lib/"/> -->
90            <!-- Messages maps -->
91            <meta-data
91-->build-VisualizeSortForAndroid-Android_Qt_6_0_4_Clang_arm64_v8a-Debug\android-build\AndroidManifest.xml:38:13-122
92                android:name="android.app.ministro_not_found_msg"
92-->build-VisualizeSortForAndroid-Android_Qt_6_0_4_Clang_arm64_v8a-Debug\android-build\AndroidManifest.xml:38:71-120
93                android:value="@string/ministro_not_found_msg" />
93-->build-VisualizeSortForAndroid-Android_Qt_6_0_4_Clang_arm64_v8a-Debug\android-build\AndroidManifest.xml:38:24-70
94            <meta-data
94-->build-VisualizeSortForAndroid-Android_Qt_6_0_4_Clang_arm64_v8a-Debug\android-build\AndroidManifest.xml:39:13-116
95                android:name="android.app.ministro_needed_msg"
95-->build-VisualizeSortForAndroid-Android_Qt_6_0_4_Clang_arm64_v8a-Debug\android-build\AndroidManifest.xml:39:68-114
96                android:value="@string/ministro_needed_msg" />
96-->build-VisualizeSortForAndroid-Android_Qt_6_0_4_Clang_arm64_v8a-Debug\android-build\AndroidManifest.xml:39:24-67
97            <meta-data
97-->build-VisualizeSortForAndroid-Android_Qt_6_0_4_Clang_arm64_v8a-Debug\android-build\AndroidManifest.xml:40:13-108
98                android:name="android.app.fatal_error_msg"
98-->build-VisualizeSortForAndroid-Android_Qt_6_0_4_Clang_arm64_v8a-Debug\android-build\AndroidManifest.xml:40:64-106
99                android:value="@string/fatal_error_msg" />
99-->build-VisualizeSortForAndroid-Android_Qt_6_0_4_Clang_arm64_v8a-Debug\android-build\AndroidManifest.xml:40:24-63
100            <meta-data
100-->build-VisualizeSortForAndroid-Android_Qt_6_0_4_Clang_arm64_v8a-Debug\android-build\AndroidManifest.xml:41:13-132
101                android:name="android.app.unsupported_android_version"
101-->build-VisualizeSortForAndroid-Android_Qt_6_0_4_Clang_arm64_v8a-Debug\android-build\AndroidManifest.xml:41:76-130
102                android:value="@string/unsupported_android_version" />
102-->build-VisualizeSortForAndroid-Android_Qt_6_0_4_Clang_arm64_v8a-Debug\android-build\AndroidManifest.xml:41:24-75
103            <!-- Messages maps -->
104            <!-- Splash screen -->
105            <!--
106                 Orientation-specific (portrait/landscape) data is checked first. If not available for current orientation,
107                 then android.app.splash_screen_drawable. For best results, use together with splash_screen_sticky and
108                 use hideSplashScreen() with a fade-out animation from Qt Android Extras to hide the splash screen when you
109                 are done populating your window with content.
110            -->
111            <!-- meta-data android:name="android.app.splash_screen_drawable_portrait" android:resource="@drawable/logo_portrait" / -->
112            <!-- meta-data android:name="android.app.splash_screen_drawable_landscape" android:resource="@drawable/logo_landscape" / -->
113            <!-- meta-data android:name="android.app.splash_screen_drawable" android:resource="@drawable/logo"/ -->
114            <!-- meta-data android:name="android.app.splash_screen_sticky" android:value="true"/ -->
115            <!-- Splash screen -->
116            <!-- Background running -->
117            <!--
118                 Warning: changing this value to true may cause unexpected crashes if the
119                          application still try to draw after
120                          "applicationStateChanged(Qt::ApplicationSuspended)"
121                          signal is sent!
122            -->
123            <meta-data
123-->build-VisualizeSortForAndroid-Android_Qt_6_0_4_Clang_arm64_v8a-Debug\android-build\AndroidManifest.xml:58:13-93
124                android:name="android.app.background_running"
124-->build-VisualizeSortForAndroid-Android_Qt_6_0_4_Clang_arm64_v8a-Debug\android-build\AndroidManifest.xml:58:24-69
125                android:value="false" />
125-->build-VisualizeSortForAndroid-Android_Qt_6_0_4_Clang_arm64_v8a-Debug\android-build\AndroidManifest.xml:58:70-91
126            <!-- Background running -->
127            <!-- extract android style -->
128            <!--
129                 available android:values :
130                * default - In most cases this will be the same as "full", but it can also be something else if needed, e.g., for compatibility reasons
131                * full - useful QWidget & Quick Controls 1 apps
132                * minimal - useful for Quick Controls 2 apps, it is much faster than "full"
133                * none - useful for apps that don't use any of the above Qt modules
134            -->
135            <meta-data
135-->build-VisualizeSortForAndroid-Android_Qt_6_0_4_Clang_arm64_v8a-Debug\android-build\AndroidManifest.xml:67:13-98
136                android:name="android.app.extract_android_style"
136-->build-VisualizeSortForAndroid-Android_Qt_6_0_4_Clang_arm64_v8a-Debug\android-build\AndroidManifest.xml:67:24-72
137                android:value="default" />
137-->build-VisualizeSortForAndroid-Android_Qt_6_0_4_Clang_arm64_v8a-Debug\android-build\AndroidManifest.xml:67:73-96
138            <!-- extract android style -->
139        </activity>
140        <!-- For adding service(s) please check: https://wiki.qt.io/AndroidServices -->
141    </application>
142
143</manifest>